<?xml version="1.0" encoding="UTF-8"?>
<!-- Generated by org.testng.reporters.JUnitXMLReporter -->
<testsuite hostname="DESKTOP-IIRGMD5" name="Default test" tests="5" failures="0" timestamp="17 Jul 2020 07:39:08 GMT" time="82.851" errors="0">
  <testcase name="loginTest" time="17.628" classname="com.android.LaunchApp"/>
  <testcase name="likeUnlikePost" time="9.21" classname="com.android.LaunchApp"/>
  <testcase name="verifyMessages" time="9.525" classname="com.android.LaunchApp"/>
  <testcase name="verifyWebNotifications" time="11.934" classname="com.android.LaunchApp"/>
  <testcase name="createPost" time="34.514" classname="com.android.LaunchApp"/>
</testsuite> <!-- Default test -->
